[2024-08-30 17:59:26] vika!: vika! присоединился к чату.
[2024-08-30 17:59:28] vika!: vika!: hi!
[2024-08-30 17:59:31] vika!: vika! покинул чат.
[2024-08-30 18:45] stefan: stefan присоединился к чату.
[2024-08-30 18:46] stefan: stefan: fff
[2024-08-30 18:48] stefan: stefan покинул чат.
2024-08-30 18:25
2024-08-30 18:26
2024-08-30 18:28
[2024-08-30 18:04:23] аааа
аааа присоединился к чату.
[2024-08-30 18:04:23] аааа
аааа: ыыы
[2024-08-30 18:04:52] аааа
аааа: привет
 2024-08-30 18:05:48: ьььь
 2024-08-30 18:05:49: ьььь
[2024-08-30 18:06:12] стефан: стефан присоединился к чату.
[2024-08-30 18:06:12] стефан: стефан: 
[2024-08-30 18:06:14] стефан: стефан: апиив
[2024-08-30 18:06:36] стефан: стефан покинул чат.
[2024-08-30 18:07:21] vika: vika присоединился к чату.
[2024-08-30 18:07:24] vika: vika покинул чат.
[2024-08-30 18:08:14] ghbgg: ghbgg присоединился к чату.
[2024-08-30 18:10:07] vika: vika присоединился к чату.
[2024-08-30 18:10:09] vika: vika покинул чат.
[2024-08-30 18:13:31] vika: vika присоединился к чату.
[2024-08-30 18:13:31] vika: vika покинул чат.
[2024-08-30 18:15:12] vika: vika присоединился к чату.
[2024-08-30 18:15:12] vika: vika покинул чат.
[2024-08-31 13:54:10] vika: vika присоединился к чату.
[2024-08-31 13:54:12] vika: vika покинул чат.
[2024-08-31 14:01:38] vika: vika присоединился к чату.
[2024-08-31 14:01:38] vika: vika покинул чат.
[2024-08-31 14:03:09] gjgjg: gjgjg присоединился к чату.
[2024-08-31 14:03:12] gjgjg: gjgjg покинул чат.
[2024-08-31 14:03:12] gjgjg: gjgjg: /exit
[2024-08-31 14:03:12] gjgjg: gjgjg покинул чат.
[2024-08-31 14:03:32] biak: biak присоединился к чату.
[2024-08-31 14:03:32] biak: biak покинул чат.
